2021-03-30 17:33:33.556  INFO 13540 --- [restartedMain] tn.esprit.spring.Edalel619Application    : Starting Edalel619Application using Java 1.8.0_111 on DESKTOP-S01DAAJ with PID 13540 (C:\Users\mouna\Documents\GitHub\Edalel\target\classes started by mouna in C:\Users\mouna\Documents\GitHub\Edalel)
2021-03-30 17:33:33.564  INFO 13540 --- [restartedMain] tn.esprit.spring.Edalel619Application    : No active profile set, falling back to default profiles: default
2021-03-30 17:33:33.682  INFO 13540 --- [restartedMain] .e.DevToolsPropertyDefaultsPostProcessor : Devtools property defaults active! Set 'spring.devtools.add-properties' to 'false' to disable
2021-03-30 17:33:33.692  INFO 13540 --- [restartedMain] .e.DevToolsPropertyDefaultsPostProcessor : For additional web related logging consider setting the 'logging.level.web' property to 'DEBUG'
2021-03-30 17:33:35.159  INFO 13540 --- [restartedMain] .s.d.r.c.RepositoryConfigurationDelegate : Bootstrapping Spring Data JPA repositories in DEFAULT mode.
2021-03-30 17:33:35.592  INFO 13540 --- [restartedMain] .s.d.r.c.RepositoryConfigurationDelegate : Finished Spring Data repository scanning in 416 ms. Found 21 JPA repository interfaces.
2021-03-30 17:33:36.221  INFO 13540 --- [restartedMain] trationDelegate$BeanPostProcessorChecker : Bean 'org.springframework.ws.config.annotation.DelegatingWsConfiguration' of type [org.springframework.ws.config.annotation.DelegatingWsConfiguration$$EnhancerBySpringCGLIB$$ab96430b] is not eligible for getting processed by all BeanPostProcessors (for example: not eligible for auto-proxying)
2021-03-30 17:33:36.306  INFO 13540 --- [restartedMain] .w.s.a.s.AnnotationActionEndpointMapping : Supporting [WS-Addressing August 2004, WS-Addressing 1.0]
2021-03-30 17:33:37.000  INFO 13540 --- [restartedMain] o.s.b.w.embedded.tomcat.TomcatWebServer  : Tomcat initialized with port(s): 8081 (http)
2021-03-30 17:33:37.019  INFO 13540 --- [restartedMain] o.apache.catalina.core.StandardService   : Starting service [Tomcat]
2021-03-30 17:33:37.020  INFO 13540 --- [restartedMain] org.apache.catalina.core.StandardEngine  : Starting Servlet engine: [Apache Tomcat/9.0.43]
2021-03-30 17:33:37.183  INFO 13540 --- [restartedMain] o.a.c.c.C.[.[localhost].[/SpringMVC]     : Initializing Spring embedded WebApplicationContext
2021-03-30 17:33:37.184  INFO 13540 --- [restartedMain] w.s.c.ServletWebServerApplicationContext : Root WebApplicationContext: initialization completed in 3491 ms
2021-03-30 17:33:37.617  INFO 13540 --- [restartedMain] o.hibernate.jpa.internal.util.LogHelper  : HHH000204: Processing PersistenceUnitInfo [name: default]
2021-03-30 17:33:37.724  INFO 13540 --- [restartedMain] org.hibernate.Version                    : HHH000412: Hibernate ORM core version 5.4.28.Final
2021-03-30 17:33:38.000  INFO 13540 --- [restartedMain] o.hibernate.annotations.common.Version   : HCANN000001: Hibernate Commons Annotations {5.1.2.Final}
2021-03-30 17:33:38.185  INFO 13540 --- [restartedMain] com.zaxxer.hikari.HikariDataSource       : HikariPool-1 - Starting...
2021-03-30 17:33:38.556  INFO 13540 --- [restartedMain] com.zaxxer.hikari.HikariDataSource       : HikariPool-1 - Start completed.
2021-03-30 17:33:38.588  INFO 13540 --- [restartedMain] org.hibernate.dialect.Dialect            : HHH000400: Using dialect: org.hibernate.dialect.MySQL5Dialect
2021-03-30 17:33:39.736  INFO 13540 --- [restartedMain] org.hibernate.tuple.PojoInstantiator     : HHH000182: No default (no-argument) constructor for class: tn.esprit.spring.Entities.Donation (class must be instantiated by Interceptor)
2021-03-30 17:33:39.847  INFO 13540 --- [restartedMain] org.hibernate.tuple.PojoInstantiator     : HHH000182: No default (no-argument) constructor for class: tn.esprit.spring.Entities.Layer (class must be instantiated by Interceptor)
2021-03-30 17:33:39.857  INFO 13540 --- [restartedMain] org.hibernate.tuple.PojoInstantiator     : HHH000182: No default (no-argument) constructor for class: tn.esprit.spring.Entities.Stock (class must be instantiated by Interceptor)
2021-03-30 17:33:39.904  INFO 13540 --- [restartedMain] org.hibernate.tuple.PojoInstantiator     : HHH000182: No default (no-argument) constructor for class: tn.esprit.spring.Entities.Bill (class must be instantiated by Interceptor)
2021-03-30 17:33:45.120  INFO 13540 --- [restartedMain] o.h.e.t.j.p.i.JtaPlatformInitiator       : HHH000490: Using JtaPlatform implementation: [org.hibernate.engine.transaction.jta.platform.internal.NoJtaPlatform]
2021-03-30 17:33:45.132  INFO 13540 --- [restartedMain] j.LocalContainerEntityManagerFactoryBean : Initialized JPA EntityManagerFactory for persistence unit 'default'
2021-03-30 17:33:45.167  INFO 13540 --- [restartedMain] o.s.b.d.a.OptionalLiveReloadServer       : LiveReload server is running on port 35729
2021-03-30 17:33:46.611  WARN 13540 --- [restartedMain] JpaBaseConfiguration$JpaWebConfiguration : spring.jpa.open-in-view is enabled by default. Therefore, database queries may be performed during view rendering. Explicitly configure spring.jpa.open-in-view to disable this warning
2021-03-30 17:33:46.960  INFO 13540 --- [restartedMain] o.s.s.web.DefaultSecurityFilterChain     : Will secure any request with [org.springframework.security.web.context.request.async.WebAsyncManagerIntegrationFilter@f9913e5, org.springframework.security.web.context.SecurityContextPersistenceFilter@52c07c27, org.springframework.security.web.header.HeaderWriterFilter@60428301, org.springframework.security.web.authentication.logout.LogoutFilter@ea1af15, org.springframework.security.web.authentication.UsernamePasswordAuthenticationFilter@10aefb70, org.springframework.security.web.authentication.ui.DefaultLoginPageGeneratingFilter@5fc0b3c2, org.springframework.security.web.authentication.ui.DefaultLogoutPageGeneratingFilter@6ef44cc7, org.springframework.security.web.authentication.www.BasicAuthenticationFilter@7f41a0bb, org.springframework.security.web.savedrequest.RequestCacheAwareFilter@601f30fb, org.springframework.security.web.servletapi.SecurityContextHolderAwareRequestFilter@13575613, org.springframework.security.web.authentication.AnonymousAuthenticationFilter@707af8ef, org.springframework.security.web.session.SessionManagementFilter@4acb3578, org.springframework.security.web.access.ExceptionTranslationFilter@56bb5e1b, org.springframework.security.web.access.intercept.FilterSecurityInterceptor@58177ad1]
2021-03-30 17:33:47.215  INFO 13540 --- [restartedMain] o.s.s.concurrent.ThreadPoolTaskExecutor  : Initializing ExecutorService 'applicationTaskExecutor'
2021-03-30 17:33:47.732  INFO 13540 --- [restartedMain] o.s.s.c.ThreadPoolTaskScheduler          : Initializing ExecutorService 'taskScheduler'
2021-03-30 17:33:47.905  INFO 13540 --- [restartedMain] o.s.b.w.embedded.tomcat.TomcatWebServer  : Tomcat started on port(s): 8081 (http) with context path '/SpringMVC'
2021-03-30 17:33:47.928  INFO 13540 --- [restartedMain] tn.esprit.spring.Edalel619Application    : Started Edalel619Application in 15.058 seconds (JVM running for 16.576)
2021-03-30 17:35:10.994  INFO 13540 --- [http-nio-8081-exec-1] o.a.c.c.C.[.[localhost].[/SpringMVC]     : Initializing Spring DispatcherServlet 'dispatcherServlet'
2021-03-30 17:35:10.995  INFO 13540 --- [http-nio-8081-exec-1] o.s.web.servlet.DispatcherServlet        : Initializing Servlet 'dispatcherServlet'
2021-03-30 17:35:10.998  INFO 13540 --- [http-nio-8081-exec-1] o.s.web.servlet.DispatcherServlet        : Completed initialization in 2 ms
2021-03-30 17:37:31.205  WARN 13540 --- [http-nio-8081-exec-5] o.h.engine.jdbc.spi.SqlExceptionHelper   : SQL Error: 1364, SQLState: HY000
2021-03-30 17:37:31.206 ERROR 13540 --- [http-nio-8081-exec-5] o.h.engine.jdbc.spi.SqlExceptionHelper   : Field 'sale' doesn't have a default value
