2021-03-30 22:01:30.643  INFO 11448 --- [restartedMain] tn.esprit.spring.Edalel619Application    : Starting Edalel619Application using Java 1.8.0_60 on LAPTOP-KKQ6P8V9 with PID 11448 (C:\Users\21622\Desktop\Edalel\target\classes started by 21622 in C:\Users\21622\Desktop\Edalel)
2021-03-30 22:01:30.643  INFO 11448 --- [restartedMain] tn.esprit.spring.Edalel619Application    : No active profile set, falling back to default profiles: default
2021-03-30 22:01:30.721  INFO 11448 --- [restartedMain] .e.DevToolsPropertyDefaultsPostProcessor : Devtools property defaults active! Set 'spring.devtools.add-properties' to 'false' to disable
2021-03-30 22:01:30.721  INFO 11448 --- [restartedMain] .e.DevToolsPropertyDefaultsPostProcessor : For additional web related logging consider setting the 'logging.level.web' property to 'DEBUG'
2021-03-30 22:01:31.715  INFO 11448 --- [restartedMain] .s.d.r.c.RepositoryConfigurationDelegate : Bootstrapping Spring Data JPA repositories in DEFAULT mode.
2021-03-30 22:01:31.987  INFO 11448 --- [restartedMain] .s.d.r.c.RepositoryConfigurationDelegate : Finished Spring Data repository scanning in 259 ms. Found 22 JPA repository interfaces.
2021-03-30 22:01:32.443  INFO 11448 --- [restartedMain] trationDelegate$BeanPostProcessorChecker : Bean 'org.springframework.ws.config.annotation.DelegatingWsConfiguration' of type [org.springframework.ws.config.annotation.DelegatingWsConfiguration$$EnhancerBySpringCGLIB$$61097e99] is not eligible for getting processed by all BeanPostProcessors (for example: not eligible for auto-proxying)
2021-03-30 22:01:32.539  INFO 11448 --- [restartedMain] .w.s.a.s.AnnotationActionEndpointMapping : Supporting [WS-Addressing August 2004, WS-Addressing 1.0]
2021-03-30 22:01:32.963  INFO 11448 --- [restartedMain] o.s.b.w.embedded.tomcat.TomcatWebServer  : Tomcat initialized with port(s): 8081 (http)
2021-03-30 22:01:32.977  INFO 11448 --- [restartedMain] o.apache.catalina.core.StandardService   : Starting service [Tomcat]
2021-03-30 22:01:32.977  INFO 11448 --- [restartedMain] org.apache.catalina.core.StandardEngine  : Starting Servlet engine: [Apache Tomcat/9.0.43]
2021-03-30 22:01:33.088  INFO 11448 --- [restartedMain] o.a.c.c.C.[.[localhost].[/SpringMVC]     : Initializing Spring embedded WebApplicationContext
2021-03-30 22:01:33.088  INFO 11448 --- [restartedMain] w.s.c.ServletWebServerApplicationContext : Root WebApplicationContext: initialization completed in 2367 ms
2021-03-30 22:01:33.369  INFO 11448 --- [restartedMain] o.hibernate.jpa.internal.util.LogHelper  : HHH000204: Processing PersistenceUnitInfo [name: default]
2021-03-30 22:01:33.447  INFO 11448 --- [restartedMain] org.hibernate.Version                    : HHH000412: Hibernate ORM core version 5.4.28.Final
2021-03-30 22:01:33.635  INFO 11448 --- [restartedMain] o.hibernate.annotations.common.Version   : HCANN000001: Hibernate Commons Annotations {5.1.2.Final}
2021-03-30 22:01:33.760  INFO 11448 --- [restartedMain] com.zaxxer.hikari.HikariDataSource       : HikariPool-1 - Starting...
2021-03-30 22:01:33.970  INFO 11448 --- [restartedMain] com.zaxxer.hikari.HikariDataSource       : HikariPool-1 - Start completed.
2021-03-30 22:01:33.994  INFO 11448 --- [restartedMain] org.hibernate.dialect.Dialect            : HHH000400: Using dialect: org.hibernate.dialect.MySQL5Dialect
2021-03-30 22:01:34.842  INFO 11448 --- [restartedMain] org.hibernate.tuple.PojoInstantiator     : HHH000182: No default (no-argument) constructor for class: tn.esprit.spring.Entities.Donation (class must be instantiated by Interceptor)
2021-03-30 22:01:34.914  INFO 11448 --- [restartedMain] org.hibernate.tuple.PojoInstantiator     : HHH000182: No default (no-argument) constructor for class: tn.esprit.spring.Entities.Layer (class must be instantiated by Interceptor)
2021-03-30 22:01:34.922  INFO 11448 --- [restartedMain] org.hibernate.tuple.PojoInstantiator     : HHH000182: No default (no-argument) constructor for class: tn.esprit.spring.Entities.Stock (class must be instantiated by Interceptor)
2021-03-30 22:01:36.370  INFO 11448 --- [restartedMain] o.h.e.t.j.p.i.JtaPlatformInitiator       : HHH000490: Using JtaPlatform implementation: [org.hibernate.engine.transaction.jta.platform.internal.NoJtaPlatform]
2021-03-30 22:01:36.386  INFO 11448 --- [restartedMain] j.LocalContainerEntityManagerFactoryBean : Initialized JPA EntityManagerFactory for persistence unit 'default'
2021-03-30 22:01:36.410  INFO 11448 --- [restartedMain] o.s.b.d.a.OptionalLiveReloadServer       : LiveReload server is running on port 35729
2021-03-30 22:01:37.146  WARN 11448 --- [restartedMain] ConfigServletWebServerApplicationContext : Exception encountered during context initialization - cancelling refresh attempt: org.springframework.beans.factory.UnsatisfiedDependencyException: Error creating bean with name 'restControlCart': Unsatisfied dependency expressed through field 'icartService'; nested exception is org.springframework.beans.factory.NoUniqueBeanDefinitionException: No qualifying bean of type 'tn.esprit.spring.Services.ICartService' available: expected single matching bean but found 2: cartService,cartServiceImp
2021-03-30 22:01:37.146  INFO 11448 --- [restartedMain] j.LocalContainerEntityManagerFactoryBean : Closing JPA EntityManagerFactory for persistence unit 'default'
2021-03-30 22:01:37.154  INFO 11448 --- [restartedMain] com.zaxxer.hikari.HikariDataSource       : HikariPool-1 - Shutdown initiated...
2021-03-30 22:01:37.170  INFO 11448 --- [restartedMain] com.zaxxer.hikari.HikariDataSource       : HikariPool-1 - Shutdown completed.
2021-03-30 22:01:37.170  INFO 11448 --- [restartedMain] o.apache.catalina.core.StandardService   : Stopping service [Tomcat]
2021-03-30 22:01:37.186  INFO 11448 --- [restartedMain] ConditionEvaluationReportLoggingListener : 

Error starting ApplicationContext. To display the conditions report re-run your application with 'debug' enabled.
2021-03-30 22:01:37.210 ERROR 11448 --- [restartedMain] o.s.b.d.LoggingFailureAnalysisReporter   : 

***************************
APPLICATION FAILED TO START
***************************

Description:

Field icartService in tn.esprit.spring.Controllers.RestControlCart required a single bean, but 2 were found:
	- cartService: defined in file [C:\Users\21622\Desktop\Edalel\target\classes\tn\esprit\spring\Services\CartService.class]
	- cartServiceImp: defined in file [C:\Users\21622\Desktop\Edalel\target\classes\tn\esprit\spring\Services\CartServiceImp.class]


Action:

Consider marking one of the beans as @Primary, updating the consumer to accept multiple beans, or using @Qualifier to identify the bean that should be consumed

